# JRE version: OpenJDK Runtime Environment (17.0.10) (build 17.0.10+0--11609105)
# Java VM: OpenJDK 64-Bit Server VM (17.0.10+0--11609105, mixed mode, tiered, compressed oops, compressed class ptrs, g1 gc, windows-amd64)
GC Precious Log:
 CPUs: 24 total, 24 available
 Memory: 32526M
 Large Page Support: Disabled
 NUMA Support: Disabled
 Compressed Oops: Enabled (32-bit)
 Heap Region Size: 1M
 Heap Min Capacity: 8M
 Heap Initial Capacity: 510M
 Heap Max Capacity: 2G
 Pre-touch: Disabled
 Parallel Workers: 18
 Concurrent Workers: 5
 Concurrent Refinement Workers: 18
 Periodic GC: Disabled
Heap:
 garbage-first heap   total 299008K, used 67705K [0x0000000080000000, 0x0000000100000000)
  region size 1024K, 44 young (45056K), 5 survivors (5120K)
 Metaspace       used 43610K, committed 44032K, reserved 1114112K
  class space    used 5805K, committed 6016K, reserved 1048576K
GC Heap History (16 events):
Event: 0.257 GC heap before
{Heap before GC invocations=0 (full 0):
 garbage-first heap   total 522240K, used 29696K [0x0000000080000000, 0x0000000100000000)
  region size 1024K, 25 young (25600K), 0 survivors (0K)
 Metaspace       used 10574K, committed 10752K, reserved 1114112K
  class space    used 1088K, committed 1152K, reserved 1048576K
}
Event: 0.258 GC heap after
{Heap after GC invocations=1 (full 0):
 garbage-first heap   total 522240K, used 10688K [0x0000000080000000, 0x0000000100000000)
  region size 1024K, 4 young (4096K), 4 survivors (4096K)
 Metaspace       used 10574K, committed 10752K, reserved 1114112K
  class space    used 1088K, committed 1152K, reserved 1048576K
}
Event: 0.336 GC heap before
{Heap before GC invocations=1 (full 0):
 garbage-first heap   total 522240K, used 41408K [0x0000000080000000, 0x0000000100000000)
  region size 1024K, 34 young (34816K), 4 survivors (4096K)
 Metaspace       used 11573K, committed 11712K, reserved 1114112K
  class space    used 1200K, committed 1280K, reserved 1048576K
}
Event: 0.338 GC heap after
{Heap after GC invocations=2 (full 0):
 garbage-first heap   total 522240K, used 11740K [0x0000000080000000, 0x0000000100000000)
  region size 1024K, 1 young (1024K), 1 survivors (1024K)
 Metaspace       used 11573K, committed 11712K, reserved 1114112K
  class space    used 1200K, committed 1280K, reserved 1048576K
}
Event: 0.662 GC heap before
{Heap before GC invocations=2 (full 0):
 garbage-first heap   total 522240K, used 64988K [0x0000000080000000, 0x0000000100000000)
  region size 1024K, 53 young (54272K), 1 survivors (1024K)
 Metaspace       used 21238K, committed 21504K, reserved 1114112K
  class space    used 2483K, committed 2624K, reserved 1048576K
}
Event: 0.665 GC heap after
{Heap after GC invocations=3 (full 0):
 garbage-first heap   total 522240K, used 19323K [0x0000000080000000, 0x0000000100000000)
  region size 1024K, 9 young (9216K), 9 survivors (9216K)
 Metaspace       used 21238K, committed 21504K, reserved 1114112K
  class space    used 2483K, committed 2624K, reserved 1048576K
}
Event: 0.938 GC heap before
{Heap before GC invocations=4 (full 0):
 garbage-first heap   total 75776K, used 60283K [0x0000000080000000, 0x0000000100000000)
  region size 1024K, 50 young (51200K), 9 survivors (9216K)
 Metaspace       used 27465K, committed 27840K, reserved 1114112K
  class space    used 3530K, committed 3712K, reserved 1048576K
}
Event: 0.941 GC heap after
{Heap after GC invocations=5 (full 0):
 garbage-first heap   total 75776K, used 21761K [0x0000000080000000, 0x0000000100000000)
  region size 1024K, 11 young (11264K), 11 survivors (11264K)
 Metaspace       used 27465K, committed 27840K, reserved 1114112K
  class space    used 3530K, committed 3712K, reserved 1048576K
}
Event: 1.109 GC heap before
{Heap before GC invocations=5 (full 0):
 garbage-first heap   total 75776K, used 52481K [0x0000000080000000, 0x0000000100000000)
  region size 1024K, 42 young (43008K), 11 survivors (11264K)
 Metaspace       used 31630K, committed 31936K, reserved 1114112K
  class space    used 4204K, committed 4352K, reserved 1048576K
}
Event: 1.128 GC heap after
{Heap after GC invocations=6 (full 0):
 garbage-first heap   total 75776K, used 23359K [0x0000000080000000, 0x0000000100000000)
  region size 1024K, 5 young (5120K), 5 survivors (5120K)
 Metaspace       used 31630K, committed 31936K, reserved 1114112K
  class space    used 4204K, committed 4352K, reserved 1048576K
}
Event: 1.280 GC heap before
{Heap before GC invocations=6 (full 0):
 garbage-first heap   total 75776K, used 54079K [0x0000000080000000, 0x0000000100000000)
  region size 1024K, 35 young (35840K), 5 survivors (5120K)
 Metaspace       used 35461K, committed 35840K, reserved 1114112K
  class space    used 4817K, committed 4992K, reserved 1048576K
}
Event: 1.281 GC heap after
{Heap after GC invocations=7 (full 0):
 garbage-first heap   total 75776K, used 24773K [0x0000000080000000, 0x0000000100000000)
  region size 1024K, 4 young (4096K), 4 survivors (4096K)
 Metaspace       used 35461K, committed 35840K, reserved 1114112K
  class space    used 4817K, committed 4992K, reserved 1048576K
}
Event: 1.292 GC heap before
{Heap before GC invocations=7 (full 0):
 garbage-first heap   total 75776K, used 25797K [0x0000000080000000, 0x0000000100000000)
  region size 1024K, 6 young (6144K), 4 survivors (4096K)
 Metaspace       used 35701K, committed 35968K, reserved 1114112K
  class space    used 4857K, committed 4992K, reserved 1048576K
}
Event: 1.293 GC heap after
{Heap after GC invocations=8 (full 0):
 garbage-first heap   total 75776K, used 24872K [0x0000000080000000, 0x0000000100000000)
  region size 1024K, 2 young (2048K), 2 survivors (2048K)
 Metaspace       used 35701K, committed 35968K, reserved 1114112K
  class space    used 4857K, committed 4992K, reserved 1048576K
}
Event: 1.514 GC heap before
{Heap before GC invocations=9 (full 0):
 garbage-first heap   total 75776K, used 56616K [0x0000000080000000, 0x0000000100000000)
  region size 1024K, 34 young (34816K), 2 survivors (2048K)
 Metaspace       used 41531K, committed 41856K, reserved 1114112K
  class space    used 5484K, committed 5632K, reserved 1048576K
}
Event: 1.539 GC heap after
{Heap after GC invocations=10 (full 0):
 garbage-first heap   total 299008K, used 28793K [0x0000000080000000, 0x0000000100000000)
  region size 1024K, 5 young (5120K), 5 survivors (5120K)
 Metaspace       used 41531K, committed 41856K, reserved 1114112K
  class space    used 5484K, committed 5632K, reserved 1048576K
}

